Starting Dynare (version 5.0).
Calling Dynare with arguments: noclearall nograph nostrict
Starting preprocessing of the model file ...
Found 34 equation(s).
Evaluating expressions...done
Computing static model derivatives (order 1).
Computing dynamic model derivatives (order 1).
Processing outputs ...
done
Preprocessing completed.


EIGENVALUES:
         Modulus             Real        Imaginary

       1.265e-16        1.265e-16                0
           0.166            0.166                0
           0.434            0.434                0
          0.5738           0.5738                0
           0.598            0.598                0
           0.627            0.627                0
           0.702            0.702                0
           0.722            0.722                0
           0.742           0.7118           0.2096
           0.742           0.7118          -0.2096
           0.771            0.771                0
           0.816            0.816                0
          0.8321           0.8321                0
          0.9035           0.9029          0.03139
          0.9035           0.9029         -0.03139
           0.929            0.929                0
            0.93             0.93                0
          0.9627           0.9627                0
           0.975            0.975                0
           0.983            0.983                0
           1.072            1.071          0.05032
           1.072            1.071         -0.05032
           1.109            1.106          0.08874
           1.109            1.106         -0.08874
           1.301            1.301                0
           1.429            1.429                0
           1.546            1.539           0.1456
           1.546            1.539          -0.1456
       9.488e+17        9.488e+17                0
       2.896e+22       -2.896e+22                0
             Inf              Inf                0
             Inf              Inf                0
             Inf              Inf                0
             Inf             -Inf                0
             Inf              Inf                0


There are 15 eigenvalue(s) larger than 1 in modulus 
for 15 forward-looking variable(s)

The rank condition is verified.


STEADY-STATE RESULTS:

piU       		 1
sU        		 0.833333
rkU       		 0.059
iU        		 0.0704794
uU        		 1
omegabarU 		 0.225124
RkXU      		 0.0195795
nU        		 1.70778
qU        		 1
uzcU      		 5.61567
lambdazU  		 5.34825
cU        		 0.179094
wU        		 1.58607
hU        		 0.122464
kbarU     		 2.21037
ReXU      		 0.00702388
pstarU    		 1
wstarU    		 1
FpXU      		 5.67026
FwXU      		 2.04676
YU        		 0.318472
PrU       		 0.00212161
BU        		 0.502586
lambdafU  		 1.2
pitargetU 		 1
muupU     		 1
gU        		 0.0636944
muzstarU  		 1.0036
gammaU    		 0.9762
epsilU    		 1
sigmaU    		 0.489898
zetacU    		 1
zetaiU    		 1
tauoU     		 1

MODEL SUMMARY

  Number of variables:         34
  Number of stochastic shocks: 11
  Number of state variables:   20
  Number of jumpers:           15
  Number of static variables:  8


MATRIX OF COVARIANCE OF EXOGENOUS SHOCKS
Variables            e_xpU   e_lambdafU  e_pitargetU      e_muupU         e_gU   e_muzstarU     e_gammaU     e_epsilU     e_sigmaU     e_zetaiU      e_tauoU
e_xpU             0.269361     0.000000     0.000000     0.000000     0.000000     0.000000     0.000000     0.000000     0.000000     0.000000     0.000000
e_lambdafU        0.000000     0.000000     0.000000     0.000000     0.000000     0.000000     0.000000     0.000000     0.000000     0.000000     0.000000
e_pitargetU       0.000000     0.000000     0.000000     0.000000     0.000000     0.000000     0.000000     0.000000     0.000000     0.000000     0.000000
e_muupU           0.000000     0.000000     0.000000     0.000000     0.000000     0.000000     0.000000     0.000000     0.000000     0.000000     0.000000
e_gU              0.000000     0.000000     0.000000     0.000000     0.000000     0.000000     0.000000     0.000000     0.000000     0.000000     0.000000
e_muzstarU        0.000000     0.000000     0.000000     0.000000     0.000000     0.000000     0.000000     0.000000     0.000000     0.000000     0.000000
e_gammaU          0.000000     0.000000     0.000000     0.000000     0.000000     0.000000     0.000025     0.000000     0.000000     0.000000     0.000000
e_epsilU          0.000000     0.000000     0.000000     0.000000     0.000000     0.000000     0.000000     0.000025     0.000000     0.000000     0.000000
e_sigmaU          0.000000     0.000000     0.000000     0.000000     0.000000     0.000000     0.000000     0.000000     0.005776     0.000000     0.000000
e_zetaiU          0.000000     0.000000     0.000000     0.000000     0.000000     0.000000     0.000000     0.000000     0.000000     0.000361     0.000000
e_tauoU           0.000000     0.000000     0.000000     0.000000     0.000000     0.000000     0.000000     0.000000     0.000000     0.000000     0.000000

POLICY AND TRANSITION FUNCTIONS
                                  YU              qU              cU              iU              hU            ReXU             piU              nU             PrU              BU            RkXU
Constant                    0.318472        1.000000        0.179094        0.070479        0.122464        0.007024        1.000000        1.707782        0.002122        0.502586        0.019579
nU(-1)                     -0.006549        0.940703       -0.001696        0.009726       -0.003332        0.000879        0.000869        2.963989       -0.038975       -1.000000        0.913860
kbarU(-1)                   0.022784       -0.972288        0.020863       -0.008488       -0.022573       -0.016916       -0.054991       -2.111356        0.034302        1.000000       -1.022387
ReXU(-1)                   -0.265986       -6.280689       -0.228590       -0.047044       -0.135551        0.796720       -0.197676      -13.835107        0.099506               0       -6.341055
pstarU(-1)                  0.003415       -1.296489        0.041344       -0.007964       -0.681359       -0.093311       -0.354784       -3.318348        0.024083               0       -1.818249
wstarU(-1)                         0               0               0               0       -1.982816               0               0               0               0               0               0
muupU(-1)                  -0.049560       -0.592022        0.010076        0.010027       -0.025256       -0.003431       -0.009044       -1.260399        0.007836               0       -0.591590
gU(-1)                      0.790829        0.563238       -0.157218        0.000565        0.402940        0.090738        0.233559        1.543047       -0.011914               0        0.899521
gammaU(-1)                 -0.087978        1.981876       -0.003088        0.023988       -0.044788       -0.001843       -0.014539        5.157552       -0.025135               0        1.897621
epsilU(-1)                  0.033105       -0.232324        0.034978        0.002499       -0.145196       -0.065810       -0.235159       -0.679144        0.006625               0       -0.500176
sigmaU(-1)                  0.020365       -0.436801       -0.000632       -0.001980        0.010370        0.001203        0.005044       -0.927641        0.049366               0       -0.416246
tauoU(-1)                  -0.006981        0.022422       -0.001018        0.000175        0.000165        0.001201        0.004026        0.052727       -0.000366               0        0.027622
piU(-1)                    -0.050397        0.175767       -0.040859       -0.003192       -0.025527        0.101259        0.699384        0.686908       -0.011516               0        0.869470
iU(-1)                      0.892685       -4.012427       -0.019784        0.885751        0.454486        0.086086        0.230455       -8.006394        0.046771               0       -3.531144
qU(-1)                      0.014586       -2.062911        0.003718       -0.021328        0.007421       -0.001925       -0.001874       -6.499857        0.085830        2.210368       -3.015558
cU(-1)                      0.615463        0.231386        0.599920        0.001041        0.313368        0.052014        0.140433        0.751703       -0.006082               0        0.459202
wU(-1)                     -0.028704        0.111051       -0.027481       -0.002566       -0.016487        0.032251        0.109303        0.313421       -0.003066               0        0.231441
lambdafU(-1)               -0.007993       -0.041967       -0.005707       -0.001172       -0.003769        0.018050        0.074702       -0.060452       -0.000408               0        0.030814
pitargetU(-1)               0.253999        4.937198        0.217610        0.039062        0.129289        0.062851        0.398403       10.619862       -0.069385               0        5.238432
muzstarU(-1)               -0.033172        0.148752       -0.023063       -0.009637       -0.004350        0.003391        0.012271        0.045072       -0.002131               0        0.160864
zetaiU(-1)                 -0.024218        0.187847        0.001285       -0.024702       -0.012337       -0.003520       -0.009011        0.381529       -0.002249               0        0.169822
e_xpU                      -0.000768       -0.016566       -0.000654       -0.000120       -0.000391        0.002272       -0.000562       -0.035222        0.000222               0       -0.016776
e_lambdafU                 -0.015298       -0.080319       -0.010922       -0.002243       -0.007213        0.034545        0.142971       -0.115699       -0.000781               0        0.058975
e_pitargetU                 0.260511        5.063793        0.223190        0.040064        0.132604        0.064463        0.408618       10.892167       -0.071164               0        5.372751
e_muupU                    -0.050417       -0.602260        0.010251        0.010200       -0.025693       -0.003490       -0.009200       -1.282196        0.007971               0       -0.601821
e_gU                        0.054163        0.038575       -0.010768        0.000039        0.027597        0.006215        0.015996        0.105681       -0.000816               0        0.061607
e_muzstarU                 -0.200550        0.899321       -0.139435       -0.058264       -0.026298        0.020503        0.074187        0.272493       -0.012882               0        0.972551
e_gammaU                   -0.143618        3.235296       -0.005042        0.039158       -0.073113       -0.003009       -0.023734        8.419402       -0.041031               0        3.097756
e_epsilU                    0.040570       -0.284711        0.042865        0.003062       -0.177936       -0.080650       -0.288185       -0.832285        0.008119               0       -0.612961
e_sigmaU                   -0.001318       -0.287710       -0.000402       -0.001250       -0.000666        0.000581        0.001313       -0.602726        0.003688               0       -0.278459
e_zetaiU                   -0.055801        0.432828        0.002961       -0.056916       -0.028426       -0.008111       -0.020763        0.879100       -0.005183               0        0.391296
e_tauoU                    -0.007514        0.024135       -0.001096        0.000188        0.000177        0.001292        0.004334        0.056756       -0.000394               0        0.029733
Total computing time : 0h00m00s
